TimeQuest Timing Analyzer report for expander
Mon Nov 03 22:13:16 2025
Quartus II 64-Bit Version 13.0.1 Build 232 06/12/2013 Service Pack 1 SJ Web Edition


---------------------
; Table of Contents ;
---------------------
  1. Legal Notice
  2. TimeQuest Timing Analyzer Summary
  3. Parallel Compilation
  4. SDC File List
  5. Clocks
  6. Fmax Summary
  7. Setup Summary
  8. Hold Summary
  9. Recovery Summary
 10. Removal Summary
 11. Minimum Pulse Width Summary
 12. Minimum Pulse Width: 'A[0]'
 13. Setup Times
 14. Hold Times
 15. Clock to Output Times
 16. Minimum Clock to Output Times
 17. Propagation Delay
 18. Minimum Propagation Delay
 19. Output Enable Times
 20. Minimum Output Enable Times
 21. Output Disable Times
 22. Minimum Output Disable Times
 23. Clock Transfers
 24. Report TCCS
 25. Report RSKM
 26. Unconstrained Paths
 27. TimeQuest Timing Analyzer Messages



----------------
; Legal Notice ;
----------------
Copyright (C) 1991-2013 Altera Corporation
Your use of Altera Corporation's design tools, logic functions 
and other software and tools, and its AMPP partner logic 
functions, and any output files from any of the foregoing 
(including device programming or simulation files), and any 
associated documentation or information are expressly subject 
to the terms and conditions of the Altera Program License 
Subscription Agreement, Altera MegaCore Function License 
Agreement, or other applicable license agreement, including, 
without limitation, that your use is for the sole purpose of 
programming logic devices manufactured by Altera and sold by 
Altera or its authorized distributors.  Please refer to the 
applicable agreement for further details.



+----------------------------------------------------------------------------------------+
; TimeQuest Timing Analyzer Summary                                                      ;
+--------------------+-------------------------------------------------------------------+
; Quartus II Version ; Version 13.0.1 Build 232 06/12/2013 Service Pack 1 SJ Web Edition ;
; Revision Name      ; expander                                                          ;
; Device Family      ; MAX II                                                            ;
; Device Name        ; EPM240T100C5                                                      ;
; Timing Models      ; Final                                                             ;
; Delay Model        ; Slow Model                                                        ;
; Rise/Fall Delays   ; Unavailable                                                       ;
+--------------------+-------------------------------------------------------------------+


Parallel compilation was disabled, but you have multiple processors available. Enable parallel compilation to reduce compilation time.
+-------------------------------------+
; Parallel Compilation                ;
+----------------------------+--------+
; Processors                 ; Number ;
+----------------------------+--------+
; Number detected on machine ; 8      ;
; Maximum allowed            ; 1      ;
+----------------------------+--------+


+---------------------------------------------------+
; SDC File List                                     ;
+---------------+--------+--------------------------+
; SDC File Path ; Status ; Read at                  ;
+---------------+--------+--------------------------+
; expander.sdc  ; OK     ; Mon Nov 03 22:13:16 2025 ;
+---------------+--------+--------------------------+


+----------------------------------------------------------------------------------------------------------------------------------------------------------------------------------+
; Clocks                                                                                                                                                                           ;
+------------+------+--------+------------+-------+-------+------------+-----------+-------------+-------+--------+-----------+------------+----------+--------+--------+----------+
; Clock Name ; Type ; Period ; Frequency  ; Rise  ; Fall  ; Duty Cycle ; Divide by ; Multiply by ; Phase ; Offset ; Edge List ; Edge Shift ; Inverted ; Master ; Source ; Targets  ;
+------------+------+--------+------------+-------+-------+------------+-----------+-------------+-------+--------+-----------+------------+----------+--------+--------+----------+
; A[0]       ; Base ; 1.000  ; 1000.0 MHz ; 0.000 ; 0.500 ;            ;           ;             ;       ;        ;           ;            ;          ;        ;        ; { A[0] } ;
+------------+------+--------+------------+-------+-------+------------+-----------+-------------+-------+--------+-----------+------------+----------+--------+--------+----------+


----------------
; Fmax Summary ;
----------------
No paths to report.


-----------------
; Setup Summary ;
-----------------
No paths to report.


----------------
; Hold Summary ;
----------------
No paths to report.


--------------------
; Recovery Summary ;
--------------------
No paths to report.


-------------------
; Removal Summary ;
-------------------
No paths to report.


+--------------------------------+
; Minimum Pulse Width Summary    ;
+-------+--------+---------------+
; Clock ; Slack  ; End Point TNS ;
+-------+--------+---------------+
; A[0]  ; -2.289 ; -2.289        ;
+-------+--------+---------------+


+-----------------------------------------------------------------------------------------------------+
; Minimum Pulse Width: 'A[0]'                                                                         ;
+--------+--------------+----------------+------------------+-------+------------+--------------------+
; Slack  ; Actual Width ; Required Width ; Type             ; Clock ; Clock Edge ; Target             ;
+--------+--------------+----------------+------------------+-------+------------+--------------------+
; -2.289 ; 1.000        ; 3.289          ; Port Rate        ; A[0]  ; Rise       ; A[0]               ;
; 0.234  ; 0.500        ; 0.266          ; High Pulse Width ; A[0]  ; Rise       ; f4_bit             ;
; 0.234  ; 0.500        ; 0.266          ; Low Pulse Width  ; A[0]  ; Rise       ; f4_bit             ;
; 0.234  ; 0.500        ; 0.266          ; High Pulse Width ; A[0]  ; Rise       ; reg_subslt[0]      ;
; 0.234  ; 0.500        ; 0.266          ; Low Pulse Width  ; A[0]  ; Rise       ; reg_subslt[0]      ;
; 0.234  ; 0.500        ; 0.266          ; High Pulse Width ; A[0]  ; Rise       ; reg_subslt[1]      ;
; 0.234  ; 0.500        ; 0.266          ; Low Pulse Width  ; A[0]  ; Rise       ; reg_subslt[1]      ;
; 0.234  ; 0.500        ; 0.266          ; High Pulse Width ; A[0]  ; Rise       ; reg_subslt[2]      ;
; 0.234  ; 0.500        ; 0.266          ; Low Pulse Width  ; A[0]  ; Rise       ; reg_subslt[2]      ;
; 0.234  ; 0.500        ; 0.266          ; High Pulse Width ; A[0]  ; Rise       ; reg_subslt[3]      ;
; 0.234  ; 0.500        ; 0.266          ; Low Pulse Width  ; A[0]  ; Rise       ; reg_subslt[3]      ;
; 0.234  ; 0.500        ; 0.266          ; High Pulse Width ; A[0]  ; Rise       ; reg_subslt[4]      ;
; 0.234  ; 0.500        ; 0.266          ; Low Pulse Width  ; A[0]  ; Rise       ; reg_subslt[4]      ;
; 0.234  ; 0.500        ; 0.266          ; High Pulse Width ; A[0]  ; Rise       ; reg_subslt[5]      ;
; 0.234  ; 0.500        ; 0.266          ; Low Pulse Width  ; A[0]  ; Rise       ; reg_subslt[5]      ;
; 0.234  ; 0.500        ; 0.266          ; High Pulse Width ; A[0]  ; Rise       ; reg_subslt[6]      ;
; 0.234  ; 0.500        ; 0.266          ; Low Pulse Width  ; A[0]  ; Rise       ; reg_subslt[6]      ;
; 0.234  ; 0.500        ; 0.266          ; High Pulse Width ; A[0]  ; Rise       ; reg_subslt[7]      ;
; 0.234  ; 0.500        ; 0.266          ; Low Pulse Width  ; A[0]  ; Rise       ; reg_subslt[7]      ;
; 0.500  ; 0.500        ; 0.000          ; High Pulse Width ; A[0]  ; Rise       ; A[0]|combout       ;
; 0.500  ; 0.500        ; 0.000          ; Low Pulse Width  ; A[0]  ; Rise       ; A[0]|combout       ;
; 0.500  ; 0.500        ; 0.000          ; High Pulse Width ; A[0]  ; Rise       ; Equal17~0|combout  ;
; 0.500  ; 0.500        ; 0.000          ; Low Pulse Width  ; A[0]  ; Rise       ; Equal17~0|combout  ;
; 0.500  ; 0.500        ; 0.000          ; High Pulse Width ; A[0]  ; Rise       ; Equal17~0|datac    ;
; 0.500  ; 0.500        ; 0.000          ; Low Pulse Width  ; A[0]  ; Rise       ; Equal17~0|datac    ;
; 0.500  ; 0.500        ; 0.000          ; High Pulse Width ; A[0]  ; Rise       ; Equal17~2|combout  ;
; 0.500  ; 0.500        ; 0.000          ; Low Pulse Width  ; A[0]  ; Rise       ; Equal17~2|combout  ;
; 0.500  ; 0.500        ; 0.000          ; High Pulse Width ; A[0]  ; Rise       ; Equal17~2|datad    ;
; 0.500  ; 0.500        ; 0.000          ; Low Pulse Width  ; A[0]  ; Rise       ; Equal17~2|datad    ;
; 0.500  ; 0.500        ; 0.000          ; High Pulse Width ; A[0]  ; Rise       ; f4_bit|clk         ;
; 0.500  ; 0.500        ; 0.000          ; Low Pulse Width  ; A[0]  ; Rise       ; f4_bit|clk         ;
; 0.500  ; 0.500        ; 0.000          ; High Pulse Width ; A[0]  ; Rise       ; f4_read~2|combout  ;
; 0.500  ; 0.500        ; 0.000          ; Low Pulse Width  ; A[0]  ; Rise       ; f4_read~2|combout  ;
; 0.500  ; 0.500        ; 0.000          ; High Pulse Width ; A[0]  ; Rise       ; f4_read~2|datac    ;
; 0.500  ; 0.500        ; 0.000          ; Low Pulse Width  ; A[0]  ; Rise       ; f4_read~2|datac    ;
; 0.500  ; 0.500        ; 0.000          ; High Pulse Width ; A[0]  ; Rise       ; f4_write|combout   ;
; 0.500  ; 0.500        ; 0.000          ; Low Pulse Width  ; A[0]  ; Rise       ; f4_write|combout   ;
; 0.500  ; 0.500        ; 0.000          ; High Pulse Width ; A[0]  ; Rise       ; f4_write|datad     ;
; 0.500  ; 0.500        ; 0.000          ; Low Pulse Width  ; A[0]  ; Rise       ; f4_write|datad     ;
; 0.500  ; 0.500        ; 0.000          ; High Pulse Width ; A[0]  ; Rise       ; flag_regwr|combout ;
; 0.500  ; 0.500        ; 0.000          ; Low Pulse Width  ; A[0]  ; Rise       ; flag_regwr|combout ;
; 0.500  ; 0.500        ; 0.000          ; High Pulse Width ; A[0]  ; Rise       ; flag_regwr|datad   ;
; 0.500  ; 0.500        ; 0.000          ; Low Pulse Width  ; A[0]  ; Rise       ; flag_regwr|datad   ;
; 0.500  ; 0.500        ; 0.000          ; High Pulse Width ; A[0]  ; Rise       ; reg_subslt[0]|clk  ;
; 0.500  ; 0.500        ; 0.000          ; Low Pulse Width  ; A[0]  ; Rise       ; reg_subslt[0]|clk  ;
; 0.500  ; 0.500        ; 0.000          ; High Pulse Width ; A[0]  ; Rise       ; reg_subslt[1]|clk  ;
; 0.500  ; 0.500        ; 0.000          ; Low Pulse Width  ; A[0]  ; Rise       ; reg_subslt[1]|clk  ;
; 0.500  ; 0.500        ; 0.000          ; High Pulse Width ; A[0]  ; Rise       ; reg_subslt[2]|clk  ;
; 0.500  ; 0.500        ; 0.000          ; Low Pulse Width  ; A[0]  ; Rise       ; reg_subslt[2]|clk  ;
; 0.500  ; 0.500        ; 0.000          ; High Pulse Width ; A[0]  ; Rise       ; reg_subslt[3]|clk  ;
; 0.500  ; 0.500        ; 0.000          ; Low Pulse Width  ; A[0]  ; Rise       ; reg_subslt[3]|clk  ;
; 0.500  ; 0.500        ; 0.000          ; High Pulse Width ; A[0]  ; Rise       ; reg_subslt[4]|clk  ;
; 0.500  ; 0.500        ; 0.000          ; Low Pulse Width  ; A[0]  ; Rise       ; reg_subslt[4]|clk  ;
; 0.500  ; 0.500        ; 0.000          ; High Pulse Width ; A[0]  ; Rise       ; reg_subslt[5]|clk  ;
; 0.500  ; 0.500        ; 0.000          ; Low Pulse Width  ; A[0]  ; Rise       ; reg_subslt[5]|clk  ;
; 0.500  ; 0.500        ; 0.000          ; High Pulse Width ; A[0]  ; Rise       ; reg_subslt[6]|clk  ;
; 0.500  ; 0.500        ; 0.000          ; Low Pulse Width  ; A[0]  ; Rise       ; reg_subslt[6]|clk  ;
; 0.500  ; 0.500        ; 0.000          ; High Pulse Width ; A[0]  ; Rise       ; reg_subslt[7]|clk  ;
; 0.500  ; 0.500        ; 0.000          ; Low Pulse Width  ; A[0]  ; Rise       ; reg_subslt[7]|clk  ;
+--------+--------------+----------------+------------------+-------+------------+--------------------+


+-------------------------------------------------------------------------+
; Setup Times                                                             ;
+-----------+------------+--------+--------+------------+-----------------+
; Data Port ; Clock Port ; Rise   ; Fall   ; Clock Edge ; Clock Reference ;
+-----------+------------+--------+--------+------------+-----------------+
; D[*]      ; A[0]       ; 0.487  ; 0.487  ; Rise       ; A[0]            ;
;  D[0]     ; A[0]       ; -3.154 ; -3.154 ; Rise       ; A[0]            ;
;  D[1]     ; A[0]       ; -3.853 ; -3.853 ; Rise       ; A[0]            ;
;  D[2]     ; A[0]       ; -3.760 ; -3.760 ; Rise       ; A[0]            ;
;  D[3]     ; A[0]       ; -4.470 ; -4.470 ; Rise       ; A[0]            ;
;  D[4]     ; A[0]       ; -3.820 ; -3.820 ; Rise       ; A[0]            ;
;  D[5]     ; A[0]       ; -3.854 ; -3.854 ; Rise       ; A[0]            ;
;  D[6]     ; A[0]       ; -3.611 ; -3.611 ; Rise       ; A[0]            ;
;  D[7]     ; A[0]       ; 0.487  ; 0.487  ; Rise       ; A[0]            ;
+-----------+------------+--------+--------+------------+-----------------+


+-----------------------------------------------------------------------+
; Hold Times                                                            ;
+-----------+------------+-------+-------+------------+-----------------+
; Data Port ; Clock Port ; Rise  ; Fall  ; Clock Edge ; Clock Reference ;
+-----------+------------+-------+-------+------------+-----------------+
; D[*]      ; A[0]       ; 5.024 ; 5.024 ; Rise       ; A[0]            ;
;  D[0]     ; A[0]       ; 3.708 ; 3.708 ; Rise       ; A[0]            ;
;  D[1]     ; A[0]       ; 4.407 ; 4.407 ; Rise       ; A[0]            ;
;  D[2]     ; A[0]       ; 4.314 ; 4.314 ; Rise       ; A[0]            ;
;  D[3]     ; A[0]       ; 5.024 ; 5.024 ; Rise       ; A[0]            ;
;  D[4]     ; A[0]       ; 4.374 ; 4.374 ; Rise       ; A[0]            ;
;  D[5]     ; A[0]       ; 4.408 ; 4.408 ; Rise       ; A[0]            ;
;  D[6]     ; A[0]       ; 4.165 ; 4.165 ; Rise       ; A[0]            ;
;  D[7]     ; A[0]       ; 4.068 ; 4.068 ; Rise       ; A[0]            ;
+-----------+------------+-------+-------+------------+-----------------+


+-----------------------------------------------------------------------------+
; Clock to Output Times                                                       ;
+---------------+------------+--------+--------+------------+-----------------+
; Data Port     ; Clock Port ; Rise   ; Fall   ; Clock Edge ; Clock Reference ;
+---------------+------------+--------+--------+------------+-----------------+
; BUSDIR_N      ; A[0]       ; 11.598 ; 11.598 ; Rise       ; A[0]            ;
; D[*]          ; A[0]       ; 15.068 ; 15.068 ; Rise       ; A[0]            ;
;  D[0]         ; A[0]       ; 14.606 ; 14.606 ; Rise       ; A[0]            ;
;  D[1]         ; A[0]       ; 15.068 ; 15.068 ; Rise       ; A[0]            ;
;  D[2]         ; A[0]       ; 14.570 ; 14.570 ; Rise       ; A[0]            ;
;  D[3]         ; A[0]       ; 13.187 ; 13.187 ; Rise       ; A[0]            ;
;  D[4]         ; A[0]       ; 13.160 ; 13.160 ; Rise       ; A[0]            ;
;  D[5]         ; A[0]       ; 13.169 ; 13.169 ; Rise       ; A[0]            ;
;  D[6]         ; A[0]       ; 14.393 ; 14.393 ; Rise       ; A[0]            ;
;  D[7]         ; A[0]       ; 14.806 ; 14.806 ; Rise       ; A[0]            ;
; SLTSELO_N[*]  ; A[0]       ; 23.068 ; 23.068 ; Rise       ; A[0]            ;
;  SLTSELO_N[0] ; A[0]       ; 20.982 ; 20.982 ; Rise       ; A[0]            ;
;  SLTSELO_N[1] ; A[0]       ; 21.056 ; 21.056 ; Rise       ; A[0]            ;
;  SLTSELO_N[2] ; A[0]       ; 23.068 ; 23.068 ; Rise       ; A[0]            ;
; BUSDIR_N      ; A[0]       ; 11.598 ; 11.598 ; Fall       ; A[0]            ;
; D[*]          ; A[0]       ; 14.451 ; 14.451 ; Fall       ; A[0]            ;
;  D[7]         ; A[0]       ; 14.451 ; 14.451 ; Fall       ; A[0]            ;
; SLTSELO_N[*]  ; A[0]       ; 14.159 ; 14.159 ; Fall       ; A[0]            ;
;  SLTSELO_N[0] ; A[0]       ; 14.159 ; 14.159 ; Fall       ; A[0]            ;
;  SLTSELO_N[1] ; A[0]       ; 13.507 ; 13.507 ; Fall       ; A[0]            ;
;  SLTSELO_N[2] ; A[0]       ; 12.722 ; 12.722 ; Fall       ; A[0]            ;
+---------------+------------+--------+--------+------------+-----------------+


+-----------------------------------------------------------------------------+
; Minimum Clock to Output Times                                               ;
+---------------+------------+--------+--------+------------+-----------------+
; Data Port     ; Clock Port ; Rise   ; Fall   ; Clock Edge ; Clock Reference ;
+---------------+------------+--------+--------+------------+-----------------+
; BUSDIR_N      ; A[0]       ; 11.598 ; 11.598 ; Rise       ; A[0]            ;
; D[*]          ; A[0]       ; 13.160 ; 13.160 ; Rise       ; A[0]            ;
;  D[0]         ; A[0]       ; 14.606 ; 14.606 ; Rise       ; A[0]            ;
;  D[1]         ; A[0]       ; 15.068 ; 15.068 ; Rise       ; A[0]            ;
;  D[2]         ; A[0]       ; 14.570 ; 14.570 ; Rise       ; A[0]            ;
;  D[3]         ; A[0]       ; 13.187 ; 13.187 ; Rise       ; A[0]            ;
;  D[4]         ; A[0]       ; 13.160 ; 13.160 ; Rise       ; A[0]            ;
;  D[5]         ; A[0]       ; 13.169 ; 13.169 ; Rise       ; A[0]            ;
;  D[6]         ; A[0]       ; 14.393 ; 14.393 ; Rise       ; A[0]            ;
;  D[7]         ; A[0]       ; 13.997 ; 13.997 ; Rise       ; A[0]            ;
; SLTSELO_N[*]  ; A[0]       ; 12.722 ; 12.722 ; Rise       ; A[0]            ;
;  SLTSELO_N[0] ; A[0]       ; 14.159 ; 14.159 ; Rise       ; A[0]            ;
;  SLTSELO_N[1] ; A[0]       ; 13.507 ; 13.507 ; Rise       ; A[0]            ;
;  SLTSELO_N[2] ; A[0]       ; 12.722 ; 12.722 ; Rise       ; A[0]            ;
; BUSDIR_N      ; A[0]       ; 11.598 ; 11.598 ; Fall       ; A[0]            ;
; D[*]          ; A[0]       ; 14.268 ; 14.268 ; Fall       ; A[0]            ;
;  D[7]         ; A[0]       ; 14.268 ; 14.268 ; Fall       ; A[0]            ;
; SLTSELO_N[*]  ; A[0]       ; 12.722 ; 12.722 ; Fall       ; A[0]            ;
;  SLTSELO_N[0] ; A[0]       ; 14.159 ; 14.159 ; Fall       ; A[0]            ;
;  SLTSELO_N[1] ; A[0]       ; 13.507 ; 13.507 ; Fall       ; A[0]            ;
;  SLTSELO_N[2] ; A[0]       ; 12.722 ; 12.722 ; Fall       ; A[0]            ;
+---------------+------------+--------+--------+------------+-----------------+


+---------------------------------------------------------+
; Propagation Delay                                       ;
+--------------+--------------+--------+----+----+--------+
; Input Port   ; Output Port  ; RR     ; RF ; FR ; FF     ;
+--------------+--------------+--------+----+----+--------+
; A[1]         ; BUSDIR_N     ; 15.114 ;    ;    ; 15.114 ;
; A[1]         ; D[0]         ; 14.756 ;    ;    ; 14.756 ;
; A[1]         ; D[1]         ; 14.714 ;    ;    ; 14.714 ;
; A[1]         ; D[2]         ; 14.714 ;    ;    ; 14.714 ;
; A[1]         ; D[3]         ; 13.895 ;    ;    ; 13.895 ;
; A[1]         ; D[4]         ; 13.895 ;    ;    ; 13.895 ;
; A[1]         ; D[5]         ; 13.390 ;    ;    ; 13.390 ;
; A[1]         ; D[6]         ; 13.390 ;    ;    ; 13.390 ;
; A[1]         ; D[7]         ; 17.952 ;    ;    ; 17.952 ;
; A[1]         ; SLTSELO_N[0] ; 17.660 ;    ;    ; 17.660 ;
; A[1]         ; SLTSELO_N[1] ; 17.008 ;    ;    ; 17.008 ;
; A[1]         ; SLTSELO_N[2] ; 16.223 ;    ;    ; 16.223 ;
; A[2]         ; BUSDIR_N     ; 14.864 ;    ;    ; 14.864 ;
; A[2]         ; D[0]         ; 15.447 ;    ;    ; 15.447 ;
; A[2]         ; D[1]         ; 15.405 ;    ;    ; 15.405 ;
; A[2]         ; D[2]         ; 15.405 ;    ;    ; 15.405 ;
; A[2]         ; D[3]         ; 14.586 ;    ;    ; 14.586 ;
; A[2]         ; D[4]         ; 14.586 ;    ;    ; 14.586 ;
; A[2]         ; D[5]         ; 14.081 ;    ;    ; 14.081 ;
; A[2]         ; D[6]         ; 14.081 ;    ;    ; 14.081 ;
; A[2]         ; D[7]         ; 18.643 ;    ;    ; 18.643 ;
; A[2]         ; SLTSELO_N[0] ; 18.351 ;    ;    ; 18.351 ;
; A[2]         ; SLTSELO_N[1] ; 17.699 ;    ;    ; 17.699 ;
; A[2]         ; SLTSELO_N[2] ; 16.914 ;    ;    ; 16.914 ;
; A[3]         ; BUSDIR_N     ; 13.874 ;    ;    ; 13.874 ;
; A[3]         ; D[0]         ; 13.528 ;    ;    ; 13.528 ;
; A[3]         ; D[1]         ; 13.486 ;    ;    ; 13.486 ;
; A[3]         ; D[2]         ; 13.486 ;    ;    ; 13.486 ;
; A[3]         ; D[3]         ; 12.667 ;    ;    ; 12.667 ;
; A[3]         ; D[4]         ; 12.667 ;    ;    ; 12.667 ;
; A[3]         ; D[5]         ; 12.162 ;    ;    ; 12.162 ;
; A[3]         ; D[6]         ; 12.162 ;    ;    ; 12.162 ;
; A[3]         ; D[7]         ; 16.724 ;    ;    ; 16.724 ;
; A[3]         ; SLTSELO_N[0] ; 16.432 ;    ;    ; 16.432 ;
; A[3]         ; SLTSELO_N[1] ; 15.780 ;    ;    ; 15.780 ;
; A[3]         ; SLTSELO_N[2] ; 14.995 ;    ;    ; 14.995 ;
; A[4]         ; BUSDIR_N     ; 15.091 ;    ;    ; 15.091 ;
; A[4]         ; D[0]         ; 15.674 ;    ;    ; 15.674 ;
; A[4]         ; D[1]         ; 15.632 ;    ;    ; 15.632 ;
; A[4]         ; D[2]         ; 15.632 ;    ;    ; 15.632 ;
; A[4]         ; D[3]         ; 14.813 ;    ;    ; 14.813 ;
; A[4]         ; D[4]         ; 14.813 ;    ;    ; 14.813 ;
; A[4]         ; D[5]         ; 14.308 ;    ;    ; 14.308 ;
; A[4]         ; D[6]         ; 14.308 ;    ;    ; 14.308 ;
; A[4]         ; D[7]         ; 18.870 ;    ;    ; 18.870 ;
; A[4]         ; SLTSELO_N[0] ; 18.578 ;    ;    ; 18.578 ;
; A[4]         ; SLTSELO_N[1] ; 17.926 ;    ;    ; 17.926 ;
; A[4]         ; SLTSELO_N[2] ; 17.141 ;    ;    ; 17.141 ;
; A[5]         ; BUSDIR_N     ; 13.979 ;    ;    ; 13.979 ;
; A[5]         ; D[0]         ; 14.562 ;    ;    ; 14.562 ;
; A[5]         ; D[1]         ; 14.520 ;    ;    ; 14.520 ;
; A[5]         ; D[2]         ; 14.520 ;    ;    ; 14.520 ;
; A[5]         ; D[3]         ; 13.701 ;    ;    ; 13.701 ;
; A[5]         ; D[4]         ; 13.701 ;    ;    ; 13.701 ;
; A[5]         ; D[5]         ; 13.196 ;    ;    ; 13.196 ;
; A[5]         ; D[6]         ; 13.196 ;    ;    ; 13.196 ;
; A[5]         ; D[7]         ; 17.758 ;    ;    ; 17.758 ;
; A[5]         ; SLTSELO_N[0] ; 17.466 ;    ;    ; 17.466 ;
; A[5]         ; SLTSELO_N[1] ; 16.814 ;    ;    ; 16.814 ;
; A[5]         ; SLTSELO_N[2] ; 16.029 ;    ;    ; 16.029 ;
; A[6]         ; BUSDIR_N     ; 13.832 ;    ;    ; 13.832 ;
; A[6]         ; D[0]         ; 14.415 ;    ;    ; 14.415 ;
; A[6]         ; D[1]         ; 14.373 ;    ;    ; 14.373 ;
; A[6]         ; D[2]         ; 14.373 ;    ;    ; 14.373 ;
; A[6]         ; D[3]         ; 13.554 ;    ;    ; 13.554 ;
; A[6]         ; D[4]         ; 13.554 ;    ;    ; 13.554 ;
; A[6]         ; D[5]         ; 13.049 ;    ;    ; 13.049 ;
; A[6]         ; D[6]         ; 13.049 ;    ;    ; 13.049 ;
; A[6]         ; D[7]         ; 17.611 ;    ;    ; 17.611 ;
; A[6]         ; SLTSELO_N[0] ; 17.319 ;    ;    ; 17.319 ;
; A[6]         ; SLTSELO_N[1] ; 16.667 ;    ;    ; 16.667 ;
; A[6]         ; SLTSELO_N[2] ; 15.882 ;    ;    ; 15.882 ;
; A[7]         ; BUSDIR_N     ; 14.274 ;    ;    ; 14.274 ;
; A[7]         ; D[0]         ; 14.857 ;    ;    ; 14.857 ;
; A[7]         ; D[1]         ; 14.815 ;    ;    ; 14.815 ;
; A[7]         ; D[2]         ; 14.815 ;    ;    ; 14.815 ;
; A[7]         ; D[3]         ; 13.996 ;    ;    ; 13.996 ;
; A[7]         ; D[4]         ; 13.996 ;    ;    ; 13.996 ;
; A[7]         ; D[5]         ; 13.491 ;    ;    ; 13.491 ;
; A[7]         ; D[6]         ; 13.491 ;    ;    ; 13.491 ;
; A[7]         ; D[7]         ; 18.053 ;    ;    ; 18.053 ;
; A[7]         ; SLTSELO_N[0] ; 17.761 ;    ;    ; 17.761 ;
; A[7]         ; SLTSELO_N[1] ; 17.109 ;    ;    ; 17.109 ;
; A[7]         ; SLTSELO_N[2] ; 16.324 ;    ;    ; 16.324 ;
; A[8]         ; D[0]         ; 13.571 ;    ;    ; 13.571 ;
; A[8]         ; D[1]         ; 13.529 ;    ;    ; 13.529 ;
; A[8]         ; D[2]         ; 13.529 ;    ;    ; 13.529 ;
; A[8]         ; D[3]         ; 12.710 ;    ;    ; 12.710 ;
; A[8]         ; D[4]         ; 12.710 ;    ;    ; 12.710 ;
; A[8]         ; D[5]         ; 12.205 ;    ;    ; 12.205 ;
; A[8]         ; D[6]         ; 12.205 ;    ;    ; 12.205 ;
; A[8]         ; D[7]         ; 16.767 ;    ;    ; 16.767 ;
; A[8]         ; SLTSELO_N[0] ; 16.475 ;    ;    ; 16.475 ;
; A[8]         ; SLTSELO_N[1] ; 15.823 ;    ;    ; 15.823 ;
; A[8]         ; SLTSELO_N[2] ; 15.038 ;    ;    ; 15.038 ;
; A[9]         ; D[0]         ; 14.726 ;    ;    ; 14.726 ;
; A[9]         ; D[1]         ; 14.684 ;    ;    ; 14.684 ;
; A[9]         ; D[2]         ; 14.684 ;    ;    ; 14.684 ;
; A[9]         ; D[3]         ; 13.865 ;    ;    ; 13.865 ;
; A[9]         ; D[4]         ; 13.865 ;    ;    ; 13.865 ;
; A[9]         ; D[5]         ; 13.360 ;    ;    ; 13.360 ;
; A[9]         ; D[6]         ; 13.360 ;    ;    ; 13.360 ;
; A[9]         ; D[7]         ; 17.922 ;    ;    ; 17.922 ;
; A[9]         ; SLTSELO_N[0] ; 17.630 ;    ;    ; 17.630 ;
; A[9]         ; SLTSELO_N[1] ; 16.978 ;    ;    ; 16.978 ;
; A[9]         ; SLTSELO_N[2] ; 16.193 ;    ;    ; 16.193 ;
; A[10]        ; D[0]         ; 14.110 ;    ;    ; 14.110 ;
; A[10]        ; D[1]         ; 14.068 ;    ;    ; 14.068 ;
; A[10]        ; D[2]         ; 14.068 ;    ;    ; 14.068 ;
; A[10]        ; D[3]         ; 13.249 ;    ;    ; 13.249 ;
; A[10]        ; D[4]         ; 13.249 ;    ;    ; 13.249 ;
; A[10]        ; D[5]         ; 12.744 ;    ;    ; 12.744 ;
; A[10]        ; D[6]         ; 12.744 ;    ;    ; 12.744 ;
; A[10]        ; D[7]         ; 17.306 ;    ;    ; 17.306 ;
; A[10]        ; SLTSELO_N[0] ; 17.014 ;    ;    ; 17.014 ;
; A[10]        ; SLTSELO_N[1] ; 16.362 ;    ;    ; 16.362 ;
; A[10]        ; SLTSELO_N[2] ; 15.577 ;    ;    ; 15.577 ;
; A[11]        ; D[0]         ; 14.892 ;    ;    ; 14.892 ;
; A[11]        ; D[1]         ; 14.850 ;    ;    ; 14.850 ;
; A[11]        ; D[2]         ; 14.850 ;    ;    ; 14.850 ;
; A[11]        ; D[3]         ; 14.031 ;    ;    ; 14.031 ;
; A[11]        ; D[4]         ; 14.031 ;    ;    ; 14.031 ;
; A[11]        ; D[5]         ; 13.526 ;    ;    ; 13.526 ;
; A[11]        ; D[6]         ; 13.526 ;    ;    ; 13.526 ;
; A[11]        ; D[7]         ; 18.088 ;    ;    ; 18.088 ;
; A[11]        ; SLTSELO_N[0] ; 17.796 ;    ;    ; 17.796 ;
; A[11]        ; SLTSELO_N[1] ; 17.144 ;    ;    ; 17.144 ;
; A[11]        ; SLTSELO_N[2] ; 16.359 ;    ;    ; 16.359 ;
; A[12]        ; D[0]         ; 15.426 ;    ;    ; 15.426 ;
; A[12]        ; D[1]         ; 15.384 ;    ;    ; 15.384 ;
; A[12]        ; D[2]         ; 15.384 ;    ;    ; 15.384 ;
; A[12]        ; D[3]         ; 14.565 ;    ;    ; 14.565 ;
; A[12]        ; D[4]         ; 14.565 ;    ;    ; 14.565 ;
; A[12]        ; D[5]         ; 14.060 ;    ;    ; 14.060 ;
; A[12]        ; D[6]         ; 14.060 ;    ;    ; 14.060 ;
; A[12]        ; D[7]         ; 18.622 ;    ;    ; 18.622 ;
; A[12]        ; SLTSELO_N[0] ; 18.330 ;    ;    ; 18.330 ;
; A[12]        ; SLTSELO_N[1] ; 17.678 ;    ;    ; 17.678 ;
; A[12]        ; SLTSELO_N[2] ; 16.893 ;    ;    ; 16.893 ;
; A[13]        ; D[0]         ; 14.226 ;    ;    ; 14.226 ;
; A[13]        ; D[1]         ; 14.184 ;    ;    ; 14.184 ;
; A[13]        ; D[2]         ; 14.184 ;    ;    ; 14.184 ;
; A[13]        ; D[3]         ; 13.365 ;    ;    ; 13.365 ;
; A[13]        ; D[4]         ; 13.365 ;    ;    ; 13.365 ;
; A[13]        ; D[5]         ; 12.860 ;    ;    ; 12.860 ;
; A[13]        ; D[6]         ; 12.860 ;    ;    ; 12.860 ;
; A[13]        ; D[7]         ; 17.422 ;    ;    ; 17.422 ;
; A[13]        ; SLTSELO_N[0] ; 17.130 ;    ;    ; 17.130 ;
; A[13]        ; SLTSELO_N[1] ; 16.478 ;    ;    ; 16.478 ;
; A[13]        ; SLTSELO_N[2] ; 15.693 ;    ;    ; 15.693 ;
; A[14]        ; D[0]         ; 14.294 ;    ;    ; 14.294 ;
; A[14]        ; D[1]         ; 14.252 ;    ;    ; 14.252 ;
; A[14]        ; D[2]         ; 14.252 ;    ;    ; 14.252 ;
; A[14]        ; D[3]         ; 13.433 ;    ;    ; 13.433 ;
; A[14]        ; D[4]         ; 13.433 ;    ;    ; 13.433 ;
; A[14]        ; D[5]         ; 12.928 ;    ;    ; 12.928 ;
; A[14]        ; D[6]         ; 12.928 ;    ;    ; 12.928 ;
; A[14]        ; D[7]         ; 17.490 ;    ;    ; 17.490 ;
; A[14]        ; SLTSELO_N[0] ; 16.315 ;    ;    ; 16.315 ;
; A[14]        ; SLTSELO_N[1] ; 15.399 ;    ;    ; 15.399 ;
; A[14]        ; SLTSELO_N[2] ; 17.693 ;    ;    ; 17.693 ;
; A[15]        ; D[0]         ; 13.910 ;    ;    ; 13.910 ;
; A[15]        ; D[1]         ; 13.868 ;    ;    ; 13.868 ;
; A[15]        ; D[2]         ; 13.868 ;    ;    ; 13.868 ;
; A[15]        ; D[3]         ; 13.049 ;    ;    ; 13.049 ;
; A[15]        ; D[4]         ; 13.049 ;    ;    ; 13.049 ;
; A[15]        ; D[5]         ; 12.544 ;    ;    ; 12.544 ;
; A[15]        ; D[6]         ; 12.544 ;    ;    ; 12.544 ;
; A[15]        ; D[7]         ; 17.106 ;    ;    ; 17.106 ;
; A[15]        ; SLTSELO_N[0] ; 16.952 ;    ;    ; 16.952 ;
; A[15]        ; SLTSELO_N[1] ; 17.044 ;    ;    ; 17.044 ;
; A[15]        ; SLTSELO_N[2] ; 17.061 ;    ;    ; 17.061 ;
; BUSDIRI_N[0] ; BUSDIR_N     ; 9.486  ;    ;    ; 9.486  ;
; BUSDIRI_N[1] ; BUSDIR_N     ; 10.187 ;    ;    ; 10.187 ;
; IORQ_N       ; BUSDIR_N     ; 13.927 ;    ;    ; 13.927 ;
; IORQ_N       ; D[7]         ; 16.597 ;    ;    ; 16.597 ;
; M1_N         ; BUSDIR_N     ; 12.501 ;    ;    ; 12.501 ;
; M1_N         ; D[7]         ; 15.171 ;    ;    ; 15.171 ;
; RD_N         ; BUSDIR_N     ; 13.215 ;    ;    ; 13.215 ;
; RD_N         ; D[0]         ; 10.760 ;    ;    ; 10.760 ;
; RD_N         ; D[1]         ; 10.718 ;    ;    ; 10.718 ;
; RD_N         ; D[2]         ; 10.718 ;    ;    ; 10.718 ;
; RD_N         ; D[3]         ; 9.899  ;    ;    ; 9.899  ;
; RD_N         ; D[4]         ; 9.899  ;    ;    ; 9.899  ;
; RD_N         ; D[5]         ; 9.394  ;    ;    ; 9.394  ;
; RD_N         ; D[6]         ; 9.394  ;    ;    ; 9.394  ;
; RD_N         ; D[7]         ; 15.885 ;    ;    ; 15.885 ;
; RFSH_N       ; D[0]         ; 14.381 ;    ;    ; 14.381 ;
; RFSH_N       ; D[1]         ; 14.339 ;    ;    ; 14.339 ;
; RFSH_N       ; D[2]         ; 14.339 ;    ;    ; 14.339 ;
; RFSH_N       ; D[3]         ; 13.520 ;    ;    ; 13.520 ;
; RFSH_N       ; D[4]         ; 13.520 ;    ;    ; 13.520 ;
; RFSH_N       ; D[5]         ; 13.015 ;    ;    ; 13.015 ;
; RFSH_N       ; D[6]         ; 13.015 ;    ;    ; 13.015 ;
; RFSH_N       ; D[7]         ; 17.577 ;    ;    ; 17.577 ;
; SLTSEL_N     ; D[0]         ; 13.712 ;    ;    ; 13.712 ;
; SLTSEL_N     ; D[1]         ; 13.670 ;    ;    ; 13.670 ;
; SLTSEL_N     ; D[2]         ; 13.670 ;    ;    ; 13.670 ;
; SLTSEL_N     ; D[3]         ; 12.851 ;    ;    ; 12.851 ;
; SLTSEL_N     ; D[4]         ; 12.851 ;    ;    ; 12.851 ;
; SLTSEL_N     ; D[5]         ; 12.346 ;    ;    ; 12.346 ;
; SLTSEL_N     ; D[6]         ; 12.346 ;    ;    ; 12.346 ;
; SLTSEL_N     ; D[7]         ; 16.908 ;    ;    ; 16.908 ;
; SLTSEL_N     ; SLTSELO_N[0] ; 11.645 ;    ;    ; 11.645 ;
; SLTSEL_N     ; SLTSELO_N[1] ; 10.646 ;    ;    ; 10.646 ;
; SLTSEL_N     ; SLTSELO_N[2] ; 10.720 ;    ;    ; 10.720 ;
; WR_N         ; D[0]         ; 11.298 ;    ;    ; 11.298 ;
; WR_N         ; D[1]         ; 11.256 ;    ;    ; 11.256 ;
; WR_N         ; D[2]         ; 11.256 ;    ;    ; 11.256 ;
; WR_N         ; D[3]         ; 10.437 ;    ;    ; 10.437 ;
; WR_N         ; D[4]         ; 10.437 ;    ;    ; 10.437 ;
; WR_N         ; D[5]         ; 9.932  ;    ;    ; 9.932  ;
; WR_N         ; D[6]         ; 9.932  ;    ;    ; 9.932  ;
; WR_N         ; D[7]         ; 14.494 ;    ;    ; 14.494 ;
+--------------+--------------+--------+----+----+--------+


+---------------------------------------------------------+
; Minimum Propagation Delay                               ;
+--------------+--------------+--------+----+----+--------+
; Input Port   ; Output Port  ; RR     ; RF ; FR ; FF     ;
+--------------+--------------+--------+----+----+--------+
; A[1]         ; BUSDIR_N     ; 15.114 ;    ;    ; 15.114 ;
; A[1]         ; D[0]         ; 14.756 ;    ;    ; 14.756 ;
; A[1]         ; D[1]         ; 14.714 ;    ;    ; 14.714 ;
; A[1]         ; D[2]         ; 14.714 ;    ;    ; 14.714 ;
; A[1]         ; D[3]         ; 13.895 ;    ;    ; 13.895 ;
; A[1]         ; D[4]         ; 13.895 ;    ;    ; 13.895 ;
; A[1]         ; D[5]         ; 13.390 ;    ;    ; 13.390 ;
; A[1]         ; D[6]         ; 13.390 ;    ;    ; 13.390 ;
; A[1]         ; D[7]         ; 15.144 ;    ;    ; 15.144 ;
; A[1]         ; SLTSELO_N[0] ; 17.660 ;    ;    ; 17.660 ;
; A[1]         ; SLTSELO_N[1] ; 17.008 ;    ;    ; 17.008 ;
; A[1]         ; SLTSELO_N[2] ; 16.223 ;    ;    ; 16.223 ;
; A[2]         ; BUSDIR_N     ; 14.864 ;    ;    ; 14.864 ;
; A[2]         ; D[0]         ; 15.447 ;    ;    ; 15.447 ;
; A[2]         ; D[1]         ; 15.405 ;    ;    ; 15.405 ;
; A[2]         ; D[2]         ; 15.405 ;    ;    ; 15.405 ;
; A[2]         ; D[3]         ; 14.586 ;    ;    ; 14.586 ;
; A[2]         ; D[4]         ; 14.586 ;    ;    ; 14.586 ;
; A[2]         ; D[5]         ; 14.081 ;    ;    ; 14.081 ;
; A[2]         ; D[6]         ; 14.081 ;    ;    ; 14.081 ;
; A[2]         ; D[7]         ; 14.894 ;    ;    ; 14.894 ;
; A[2]         ; SLTSELO_N[0] ; 18.351 ;    ;    ; 18.351 ;
; A[2]         ; SLTSELO_N[1] ; 17.699 ;    ;    ; 17.699 ;
; A[2]         ; SLTSELO_N[2] ; 16.914 ;    ;    ; 16.914 ;
; A[3]         ; BUSDIR_N     ; 13.874 ;    ;    ; 13.874 ;
; A[3]         ; D[0]         ; 13.528 ;    ;    ; 13.528 ;
; A[3]         ; D[1]         ; 13.486 ;    ;    ; 13.486 ;
; A[3]         ; D[2]         ; 13.486 ;    ;    ; 13.486 ;
; A[3]         ; D[3]         ; 12.667 ;    ;    ; 12.667 ;
; A[3]         ; D[4]         ; 12.667 ;    ;    ; 12.667 ;
; A[3]         ; D[5]         ; 12.162 ;    ;    ; 12.162 ;
; A[3]         ; D[6]         ; 12.162 ;    ;    ; 12.162 ;
; A[3]         ; D[7]         ; 13.904 ;    ;    ; 13.904 ;
; A[3]         ; SLTSELO_N[0] ; 16.432 ;    ;    ; 16.432 ;
; A[3]         ; SLTSELO_N[1] ; 15.780 ;    ;    ; 15.780 ;
; A[3]         ; SLTSELO_N[2] ; 14.995 ;    ;    ; 14.995 ;
; A[4]         ; BUSDIR_N     ; 15.091 ;    ;    ; 15.091 ;
; A[4]         ; D[0]         ; 15.674 ;    ;    ; 15.674 ;
; A[4]         ; D[1]         ; 15.632 ;    ;    ; 15.632 ;
; A[4]         ; D[2]         ; 15.632 ;    ;    ; 15.632 ;
; A[4]         ; D[3]         ; 14.813 ;    ;    ; 14.813 ;
; A[4]         ; D[4]         ; 14.813 ;    ;    ; 14.813 ;
; A[4]         ; D[5]         ; 14.308 ;    ;    ; 14.308 ;
; A[4]         ; D[6]         ; 14.308 ;    ;    ; 14.308 ;
; A[4]         ; D[7]         ; 15.121 ;    ;    ; 15.121 ;
; A[4]         ; SLTSELO_N[0] ; 18.578 ;    ;    ; 18.578 ;
; A[4]         ; SLTSELO_N[1] ; 17.926 ;    ;    ; 17.926 ;
; A[4]         ; SLTSELO_N[2] ; 17.141 ;    ;    ; 17.141 ;
; A[5]         ; BUSDIR_N     ; 13.979 ;    ;    ; 13.979 ;
; A[5]         ; D[0]         ; 14.562 ;    ;    ; 14.562 ;
; A[5]         ; D[1]         ; 14.520 ;    ;    ; 14.520 ;
; A[5]         ; D[2]         ; 14.520 ;    ;    ; 14.520 ;
; A[5]         ; D[3]         ; 13.701 ;    ;    ; 13.701 ;
; A[5]         ; D[4]         ; 13.701 ;    ;    ; 13.701 ;
; A[5]         ; D[5]         ; 13.196 ;    ;    ; 13.196 ;
; A[5]         ; D[6]         ; 13.196 ;    ;    ; 13.196 ;
; A[5]         ; D[7]         ; 14.009 ;    ;    ; 14.009 ;
; A[5]         ; SLTSELO_N[0] ; 17.466 ;    ;    ; 17.466 ;
; A[5]         ; SLTSELO_N[1] ; 16.814 ;    ;    ; 16.814 ;
; A[5]         ; SLTSELO_N[2] ; 16.029 ;    ;    ; 16.029 ;
; A[6]         ; BUSDIR_N     ; 13.832 ;    ;    ; 13.832 ;
; A[6]         ; D[0]         ; 14.415 ;    ;    ; 14.415 ;
; A[6]         ; D[1]         ; 14.373 ;    ;    ; 14.373 ;
; A[6]         ; D[2]         ; 14.373 ;    ;    ; 14.373 ;
; A[6]         ; D[3]         ; 13.554 ;    ;    ; 13.554 ;
; A[6]         ; D[4]         ; 13.554 ;    ;    ; 13.554 ;
; A[6]         ; D[5]         ; 13.049 ;    ;    ; 13.049 ;
; A[6]         ; D[6]         ; 13.049 ;    ;    ; 13.049 ;
; A[6]         ; D[7]         ; 13.862 ;    ;    ; 13.862 ;
; A[6]         ; SLTSELO_N[0] ; 17.319 ;    ;    ; 17.319 ;
; A[6]         ; SLTSELO_N[1] ; 16.667 ;    ;    ; 16.667 ;
; A[6]         ; SLTSELO_N[2] ; 15.882 ;    ;    ; 15.882 ;
; A[7]         ; BUSDIR_N     ; 14.274 ;    ;    ; 14.274 ;
; A[7]         ; D[0]         ; 14.857 ;    ;    ; 14.857 ;
; A[7]         ; D[1]         ; 14.815 ;    ;    ; 14.815 ;
; A[7]         ; D[2]         ; 14.815 ;    ;    ; 14.815 ;
; A[7]         ; D[3]         ; 13.996 ;    ;    ; 13.996 ;
; A[7]         ; D[4]         ; 13.996 ;    ;    ; 13.996 ;
; A[7]         ; D[5]         ; 13.491 ;    ;    ; 13.491 ;
; A[7]         ; D[6]         ; 13.491 ;    ;    ; 13.491 ;
; A[7]         ; D[7]         ; 14.304 ;    ;    ; 14.304 ;
; A[7]         ; SLTSELO_N[0] ; 17.761 ;    ;    ; 17.761 ;
; A[7]         ; SLTSELO_N[1] ; 17.109 ;    ;    ; 17.109 ;
; A[7]         ; SLTSELO_N[2] ; 16.324 ;    ;    ; 16.324 ;
; A[8]         ; D[0]         ; 13.571 ;    ;    ; 13.571 ;
; A[8]         ; D[1]         ; 13.529 ;    ;    ; 13.529 ;
; A[8]         ; D[2]         ; 13.529 ;    ;    ; 13.529 ;
; A[8]         ; D[3]         ; 12.710 ;    ;    ; 12.710 ;
; A[8]         ; D[4]         ; 12.710 ;    ;    ; 12.710 ;
; A[8]         ; D[5]         ; 12.205 ;    ;    ; 12.205 ;
; A[8]         ; D[6]         ; 12.205 ;    ;    ; 12.205 ;
; A[8]         ; D[7]         ; 15.578 ;    ;    ; 15.578 ;
; A[8]         ; SLTSELO_N[0] ; 16.475 ;    ;    ; 16.475 ;
; A[8]         ; SLTSELO_N[1] ; 15.823 ;    ;    ; 15.823 ;
; A[8]         ; SLTSELO_N[2] ; 15.038 ;    ;    ; 15.038 ;
; A[9]         ; D[0]         ; 14.726 ;    ;    ; 14.726 ;
; A[9]         ; D[1]         ; 14.684 ;    ;    ; 14.684 ;
; A[9]         ; D[2]         ; 14.684 ;    ;    ; 14.684 ;
; A[9]         ; D[3]         ; 13.865 ;    ;    ; 13.865 ;
; A[9]         ; D[4]         ; 13.865 ;    ;    ; 13.865 ;
; A[9]         ; D[5]         ; 13.360 ;    ;    ; 13.360 ;
; A[9]         ; D[6]         ; 13.360 ;    ;    ; 13.360 ;
; A[9]         ; D[7]         ; 16.733 ;    ;    ; 16.733 ;
; A[9]         ; SLTSELO_N[0] ; 17.630 ;    ;    ; 17.630 ;
; A[9]         ; SLTSELO_N[1] ; 16.978 ;    ;    ; 16.978 ;
; A[9]         ; SLTSELO_N[2] ; 16.193 ;    ;    ; 16.193 ;
; A[10]        ; D[0]         ; 14.110 ;    ;    ; 14.110 ;
; A[10]        ; D[1]         ; 14.068 ;    ;    ; 14.068 ;
; A[10]        ; D[2]         ; 14.068 ;    ;    ; 14.068 ;
; A[10]        ; D[3]         ; 13.249 ;    ;    ; 13.249 ;
; A[10]        ; D[4]         ; 13.249 ;    ;    ; 13.249 ;
; A[10]        ; D[5]         ; 12.744 ;    ;    ; 12.744 ;
; A[10]        ; D[6]         ; 12.744 ;    ;    ; 12.744 ;
; A[10]        ; D[7]         ; 16.117 ;    ;    ; 16.117 ;
; A[10]        ; SLTSELO_N[0] ; 17.014 ;    ;    ; 17.014 ;
; A[10]        ; SLTSELO_N[1] ; 16.362 ;    ;    ; 16.362 ;
; A[10]        ; SLTSELO_N[2] ; 15.577 ;    ;    ; 15.577 ;
; A[11]        ; D[0]         ; 14.892 ;    ;    ; 14.892 ;
; A[11]        ; D[1]         ; 14.850 ;    ;    ; 14.850 ;
; A[11]        ; D[2]         ; 14.850 ;    ;    ; 14.850 ;
; A[11]        ; D[3]         ; 14.031 ;    ;    ; 14.031 ;
; A[11]        ; D[4]         ; 14.031 ;    ;    ; 14.031 ;
; A[11]        ; D[5]         ; 13.526 ;    ;    ; 13.526 ;
; A[11]        ; D[6]         ; 13.526 ;    ;    ; 13.526 ;
; A[11]        ; D[7]         ; 16.899 ;    ;    ; 16.899 ;
; A[11]        ; SLTSELO_N[0] ; 17.796 ;    ;    ; 17.796 ;
; A[11]        ; SLTSELO_N[1] ; 17.144 ;    ;    ; 17.144 ;
; A[11]        ; SLTSELO_N[2] ; 16.359 ;    ;    ; 16.359 ;
; A[12]        ; D[0]         ; 15.426 ;    ;    ; 15.426 ;
; A[12]        ; D[1]         ; 15.384 ;    ;    ; 15.384 ;
; A[12]        ; D[2]         ; 15.384 ;    ;    ; 15.384 ;
; A[12]        ; D[3]         ; 14.565 ;    ;    ; 14.565 ;
; A[12]        ; D[4]         ; 14.565 ;    ;    ; 14.565 ;
; A[12]        ; D[5]         ; 14.060 ;    ;    ; 14.060 ;
; A[12]        ; D[6]         ; 14.060 ;    ;    ; 14.060 ;
; A[12]        ; D[7]         ; 17.433 ;    ;    ; 17.433 ;
; A[12]        ; SLTSELO_N[0] ; 18.330 ;    ;    ; 18.330 ;
; A[12]        ; SLTSELO_N[1] ; 17.678 ;    ;    ; 17.678 ;
; A[12]        ; SLTSELO_N[2] ; 16.893 ;    ;    ; 16.893 ;
; A[13]        ; D[0]         ; 14.226 ;    ;    ; 14.226 ;
; A[13]        ; D[1]         ; 14.184 ;    ;    ; 14.184 ;
; A[13]        ; D[2]         ; 14.184 ;    ;    ; 14.184 ;
; A[13]        ; D[3]         ; 13.365 ;    ;    ; 13.365 ;
; A[13]        ; D[4]         ; 13.365 ;    ;    ; 13.365 ;
; A[13]        ; D[5]         ; 12.860 ;    ;    ; 12.860 ;
; A[13]        ; D[6]         ; 12.860 ;    ;    ; 12.860 ;
; A[13]        ; D[7]         ; 16.233 ;    ;    ; 16.233 ;
; A[13]        ; SLTSELO_N[0] ; 17.130 ;    ;    ; 17.130 ;
; A[13]        ; SLTSELO_N[1] ; 16.478 ;    ;    ; 16.478 ;
; A[13]        ; SLTSELO_N[2] ; 15.693 ;    ;    ; 15.693 ;
; A[14]        ; D[0]         ; 14.294 ;    ;    ; 14.294 ;
; A[14]        ; D[1]         ; 14.252 ;    ;    ; 14.252 ;
; A[14]        ; D[2]         ; 14.252 ;    ;    ; 14.252 ;
; A[14]        ; D[3]         ; 13.433 ;    ;    ; 13.433 ;
; A[14]        ; D[4]         ; 13.433 ;    ;    ; 13.433 ;
; A[14]        ; D[5]         ; 12.928 ;    ;    ; 12.928 ;
; A[14]        ; D[6]         ; 12.928 ;    ;    ; 12.928 ;
; A[14]        ; D[7]         ; 16.301 ;    ;    ; 16.301 ;
; A[14]        ; SLTSELO_N[0] ; 14.489 ;    ;    ; 14.489 ;
; A[14]        ; SLTSELO_N[1] ; 13.837 ;    ;    ; 13.837 ;
; A[14]        ; SLTSELO_N[2] ; 13.260 ;    ;    ; 13.260 ;
; A[15]        ; D[0]         ; 13.910 ;    ;    ; 13.910 ;
; A[15]        ; D[1]         ; 13.868 ;    ;    ; 13.868 ;
; A[15]        ; D[2]         ; 13.868 ;    ;    ; 13.868 ;
; A[15]        ; D[3]         ; 13.049 ;    ;    ; 13.049 ;
; A[15]        ; D[4]         ; 13.049 ;    ;    ; 13.049 ;
; A[15]        ; D[5]         ; 12.544 ;    ;    ; 12.544 ;
; A[15]        ; D[6]         ; 12.544 ;    ;    ; 12.544 ;
; A[15]        ; D[7]         ; 15.917 ;    ;    ; 15.917 ;
; A[15]        ; SLTSELO_N[0] ; 13.774 ;    ;    ; 13.774 ;
; A[15]        ; SLTSELO_N[1] ; 13.122 ;    ;    ; 13.122 ;
; A[15]        ; SLTSELO_N[2] ; 11.252 ;    ;    ; 11.252 ;
; BUSDIRI_N[0] ; BUSDIR_N     ; 9.486  ;    ;    ; 9.486  ;
; BUSDIRI_N[1] ; BUSDIR_N     ; 10.187 ;    ;    ; 10.187 ;
; IORQ_N       ; BUSDIR_N     ; 13.927 ;    ;    ; 13.927 ;
; IORQ_N       ; D[7]         ; 13.957 ;    ;    ; 13.957 ;
; M1_N         ; BUSDIR_N     ; 12.501 ;    ;    ; 12.501 ;
; M1_N         ; D[7]         ; 12.531 ;    ;    ; 12.531 ;
; RD_N         ; BUSDIR_N     ; 13.215 ;    ;    ; 13.215 ;
; RD_N         ; D[0]         ; 10.760 ;    ;    ; 10.760 ;
; RD_N         ; D[1]         ; 10.718 ;    ;    ; 10.718 ;
; RD_N         ; D[2]         ; 10.718 ;    ;    ; 10.718 ;
; RD_N         ; D[3]         ; 9.899  ;    ;    ; 9.899  ;
; RD_N         ; D[4]         ; 9.899  ;    ;    ; 9.899  ;
; RD_N         ; D[5]         ; 9.394  ;    ;    ; 9.394  ;
; RD_N         ; D[6]         ; 9.394  ;    ;    ; 9.394  ;
; RD_N         ; D[7]         ; 12.767 ;    ;    ; 12.767 ;
; RFSH_N       ; D[0]         ; 14.381 ;    ;    ; 14.381 ;
; RFSH_N       ; D[1]         ; 14.339 ;    ;    ; 14.339 ;
; RFSH_N       ; D[2]         ; 14.339 ;    ;    ; 14.339 ;
; RFSH_N       ; D[3]         ; 13.520 ;    ;    ; 13.520 ;
; RFSH_N       ; D[4]         ; 13.520 ;    ;    ; 13.520 ;
; RFSH_N       ; D[5]         ; 13.015 ;    ;    ; 13.015 ;
; RFSH_N       ; D[6]         ; 13.015 ;    ;    ; 13.015 ;
; RFSH_N       ; D[7]         ; 16.388 ;    ;    ; 16.388 ;
; SLTSEL_N     ; D[0]         ; 13.712 ;    ;    ; 13.712 ;
; SLTSEL_N     ; D[1]         ; 13.670 ;    ;    ; 13.670 ;
; SLTSEL_N     ; D[2]         ; 13.670 ;    ;    ; 13.670 ;
; SLTSEL_N     ; D[3]         ; 12.851 ;    ;    ; 12.851 ;
; SLTSEL_N     ; D[4]         ; 12.851 ;    ;    ; 12.851 ;
; SLTSEL_N     ; D[5]         ; 12.346 ;    ;    ; 12.346 ;
; SLTSEL_N     ; D[6]         ; 12.346 ;    ;    ; 12.346 ;
; SLTSEL_N     ; D[7]         ; 15.719 ;    ;    ; 15.719 ;
; SLTSEL_N     ; SLTSELO_N[0] ; 11.645 ;    ;    ; 11.645 ;
; SLTSEL_N     ; SLTSELO_N[1] ; 10.646 ;    ;    ; 10.646 ;
; SLTSEL_N     ; SLTSELO_N[2] ; 10.720 ;    ;    ; 10.720 ;
; WR_N         ; D[0]         ; 11.298 ;    ;    ; 11.298 ;
; WR_N         ; D[1]         ; 11.256 ;    ;    ; 11.256 ;
; WR_N         ; D[2]         ; 11.256 ;    ;    ; 11.256 ;
; WR_N         ; D[3]         ; 10.437 ;    ;    ; 10.437 ;
; WR_N         ; D[4]         ; 10.437 ;    ;    ; 10.437 ;
; WR_N         ; D[5]         ; 9.932  ;    ;    ; 9.932  ;
; WR_N         ; D[6]         ; 9.932  ;    ;    ; 9.932  ;
; WR_N         ; D[7]         ; 10.107 ;    ;    ; 10.107 ;
+--------------+--------------+--------+----+----+--------+


+-----------------------------------------------------------------------+
; Output Enable Times                                                   ;
+-----------+------------+--------+------+------------+-----------------+
; Data Port ; Clock Port ; Rise   ; Fall ; Clock Edge ; Clock Reference ;
+-----------+------------+--------+------+------------+-----------------+
; D[*]      ; A[0]       ; 9.889  ;      ; Rise       ; A[0]            ;
;  D[0]     ; A[0]       ; 11.255 ;      ; Rise       ; A[0]            ;
;  D[1]     ; A[0]       ; 11.213 ;      ; Rise       ; A[0]            ;
;  D[2]     ; A[0]       ; 11.213 ;      ; Rise       ; A[0]            ;
;  D[3]     ; A[0]       ; 10.394 ;      ; Rise       ; A[0]            ;
;  D[4]     ; A[0]       ; 10.394 ;      ; Rise       ; A[0]            ;
;  D[5]     ; A[0]       ; 9.889  ;      ; Rise       ; A[0]            ;
;  D[6]     ; A[0]       ; 9.889  ;      ; Rise       ; A[0]            ;
;  D[7]     ; A[0]       ; 13.262 ;      ; Rise       ; A[0]            ;
; D[*]      ; A[0]       ; 9.889  ;      ; Fall       ; A[0]            ;
;  D[0]     ; A[0]       ; 11.255 ;      ; Fall       ; A[0]            ;
;  D[1]     ; A[0]       ; 11.213 ;      ; Fall       ; A[0]            ;
;  D[2]     ; A[0]       ; 11.213 ;      ; Fall       ; A[0]            ;
;  D[3]     ; A[0]       ; 10.394 ;      ; Fall       ; A[0]            ;
;  D[4]     ; A[0]       ; 10.394 ;      ; Fall       ; A[0]            ;
;  D[5]     ; A[0]       ; 9.889  ;      ; Fall       ; A[0]            ;
;  D[6]     ; A[0]       ; 9.889  ;      ; Fall       ; A[0]            ;
;  D[7]     ; A[0]       ; 13.262 ;      ; Fall       ; A[0]            ;
+-----------+------------+--------+------+------------+-----------------+


+-----------------------------------------------------------------------+
; Minimum Output Enable Times                                           ;
+-----------+------------+--------+------+------------+-----------------+
; Data Port ; Clock Port ; Rise   ; Fall ; Clock Edge ; Clock Reference ;
+-----------+------------+--------+------+------------+-----------------+
; D[*]      ; A[0]       ; 9.889  ;      ; Rise       ; A[0]            ;
;  D[0]     ; A[0]       ; 11.255 ;      ; Rise       ; A[0]            ;
;  D[1]     ; A[0]       ; 11.213 ;      ; Rise       ; A[0]            ;
;  D[2]     ; A[0]       ; 11.213 ;      ; Rise       ; A[0]            ;
;  D[3]     ; A[0]       ; 10.394 ;      ; Rise       ; A[0]            ;
;  D[4]     ; A[0]       ; 10.394 ;      ; Rise       ; A[0]            ;
;  D[5]     ; A[0]       ; 9.889  ;      ; Rise       ; A[0]            ;
;  D[6]     ; A[0]       ; 9.889  ;      ; Rise       ; A[0]            ;
;  D[7]     ; A[0]       ; 11.628 ;      ; Rise       ; A[0]            ;
; D[*]      ; A[0]       ; 9.889  ;      ; Fall       ; A[0]            ;
;  D[0]     ; A[0]       ; 11.255 ;      ; Fall       ; A[0]            ;
;  D[1]     ; A[0]       ; 11.213 ;      ; Fall       ; A[0]            ;
;  D[2]     ; A[0]       ; 11.213 ;      ; Fall       ; A[0]            ;
;  D[3]     ; A[0]       ; 10.394 ;      ; Fall       ; A[0]            ;
;  D[4]     ; A[0]       ; 10.394 ;      ; Fall       ; A[0]            ;
;  D[5]     ; A[0]       ; 9.889  ;      ; Fall       ; A[0]            ;
;  D[6]     ; A[0]       ; 9.889  ;      ; Fall       ; A[0]            ;
;  D[7]     ; A[0]       ; 11.628 ;      ; Fall       ; A[0]            ;
+-----------+------------+--------+------+------------+-----------------+


+-------------------------------------------------------------------------------+
; Output Disable Times                                                          ;
+-----------+------------+-----------+-----------+------------+-----------------+
; Data Port ; Clock Port ; 0 to Hi-Z ; 1 to Hi-Z ; Clock Edge ; Clock Reference ;
+-----------+------------+-----------+-----------+------------+-----------------+
; D[*]      ; A[0]       ; 9.889     ;           ; Rise       ; A[0]            ;
;  D[0]     ; A[0]       ; 11.255    ;           ; Rise       ; A[0]            ;
;  D[1]     ; A[0]       ; 11.213    ;           ; Rise       ; A[0]            ;
;  D[2]     ; A[0]       ; 11.213    ;           ; Rise       ; A[0]            ;
;  D[3]     ; A[0]       ; 10.394    ;           ; Rise       ; A[0]            ;
;  D[4]     ; A[0]       ; 10.394    ;           ; Rise       ; A[0]            ;
;  D[5]     ; A[0]       ; 9.889     ;           ; Rise       ; A[0]            ;
;  D[6]     ; A[0]       ; 9.889     ;           ; Rise       ; A[0]            ;
;  D[7]     ; A[0]       ; 13.262    ;           ; Rise       ; A[0]            ;
; D[*]      ; A[0]       ; 9.889     ;           ; Fall       ; A[0]            ;
;  D[0]     ; A[0]       ; 11.255    ;           ; Fall       ; A[0]            ;
;  D[1]     ; A[0]       ; 11.213    ;           ; Fall       ; A[0]            ;
;  D[2]     ; A[0]       ; 11.213    ;           ; Fall       ; A[0]            ;
;  D[3]     ; A[0]       ; 10.394    ;           ; Fall       ; A[0]            ;
;  D[4]     ; A[0]       ; 10.394    ;           ; Fall       ; A[0]            ;
;  D[5]     ; A[0]       ; 9.889     ;           ; Fall       ; A[0]            ;
;  D[6]     ; A[0]       ; 9.889     ;           ; Fall       ; A[0]            ;
;  D[7]     ; A[0]       ; 13.262    ;           ; Fall       ; A[0]            ;
+-----------+------------+-----------+-----------+------------+-----------------+


+-------------------------------------------------------------------------------+
; Minimum Output Disable Times                                                  ;
+-----------+------------+-----------+-----------+------------+-----------------+
; Data Port ; Clock Port ; 0 to Hi-Z ; 1 to Hi-Z ; Clock Edge ; Clock Reference ;
+-----------+------------+-----------+-----------+------------+-----------------+
; D[*]      ; A[0]       ; 9.889     ;           ; Rise       ; A[0]            ;
;  D[0]     ; A[0]       ; 11.255    ;           ; Rise       ; A[0]            ;
;  D[1]     ; A[0]       ; 11.213    ;           ; Rise       ; A[0]            ;
;  D[2]     ; A[0]       ; 11.213    ;           ; Rise       ; A[0]            ;
;  D[3]     ; A[0]       ; 10.394    ;           ; Rise       ; A[0]            ;
;  D[4]     ; A[0]       ; 10.394    ;           ; Rise       ; A[0]            ;
;  D[5]     ; A[0]       ; 9.889     ;           ; Rise       ; A[0]            ;
;  D[6]     ; A[0]       ; 9.889     ;           ; Rise       ; A[0]            ;
;  D[7]     ; A[0]       ; 11.628    ;           ; Rise       ; A[0]            ;
; D[*]      ; A[0]       ; 9.889     ;           ; Fall       ; A[0]            ;
;  D[0]     ; A[0]       ; 11.255    ;           ; Fall       ; A[0]            ;
;  D[1]     ; A[0]       ; 11.213    ;           ; Fall       ; A[0]            ;
;  D[2]     ; A[0]       ; 11.213    ;           ; Fall       ; A[0]            ;
;  D[3]     ; A[0]       ; 10.394    ;           ; Fall       ; A[0]            ;
;  D[4]     ; A[0]       ; 10.394    ;           ; Fall       ; A[0]            ;
;  D[5]     ; A[0]       ; 9.889     ;           ; Fall       ; A[0]            ;
;  D[6]     ; A[0]       ; 9.889     ;           ; Fall       ; A[0]            ;
;  D[7]     ; A[0]       ; 11.628    ;           ; Fall       ; A[0]            ;
+-----------+------------+-----------+-----------+------------+-----------------+


-------------------
; Clock Transfers ;
-------------------
Nothing to report.


---------------
; Report TCCS ;
---------------
No dedicated SERDES Transmitter circuitry present in device or used in design


---------------
; Report RSKM ;
---------------
No dedicated SERDES Receiver circuitry present in device or used in design


+------------------------------------------------+
; Unconstrained Paths                            ;
+---------------------------------+-------+------+
; Property                        ; Setup ; Hold ;
+---------------------------------+-------+------+
; Illegal Clocks                  ; 0     ; 0    ;
; Unconstrained Clocks            ; 0     ; 0    ;
; Unconstrained Input Ports       ; 33    ; 33   ;
; Unconstrained Input Port Paths  ; 243   ; 243  ;
; Unconstrained Output Ports      ; 12    ; 12   ;
; Unconstrained Output Port Paths ; 259   ; 259  ;
+---------------------------------+-------+------+


+------------------------------------+
; TimeQuest Timing Analyzer Messages ;
+------------------------------------+
Info: *******************************************************************
Info: Running Quartus II 64-Bit TimeQuest Timing Analyzer
    Info: Version 13.0.1 Build 232 06/12/2013 Service Pack 1 SJ Web Edition
    Info: Processing started: Mon Nov 03 22:13:15 2025
Info: Command: quartus_sta expander -c expander
Info: qsta_default_script.tcl version: #1
Warning (20028): Parallel compilation is not licensed and has been disabled
Info (21077): Low junction temperature is 0 degrees C
Info (21077): High junction temperature is 85 degrees C
Info (306004): Started post-fitting delay annotation
Info (306005): Delay annotation completed successfully
Info (332104): Reading SDC File: 'expander.sdc'
Info (332142): No user constrained base clocks found in the design. Calling "derive_clocks -period 1.0"
Info (332105): Deriving Clocks
    Info (332105): create_clock -period 1.000 -name A[0] A[0]
Info: Found TIMEQUEST_REPORT_SCRIPT_INCLUDE_DEFAULT_ANALYSIS = ON
Info (332140): No fmax paths to report
Info (332140): No Setup paths to report
Info (332140): No Hold paths to report
Info (332140): No Recovery paths to report
Info (332140): No Removal paths to report
Critical Warning (332148): Timing requirements not met
Info (332146): Worst-case minimum pulse width slack is -2.289
    Info (332119):     Slack End Point TNS Clock 
    Info (332119): ========= ============= =====================
    Info (332119):    -2.289        -2.289 A[0] 
Info (332001): The selected device family is not supported by the report_metastability command.
Info (332102): Design is not fully constrained for setup requirements
Info (332102): Design is not fully constrained for hold requirements
Info: Quartus II 64-Bit TimeQuest Timing Analyzer was successful. 0 errors, 2 warnings
    Info: Peak virtual memory: 4516 megabytes
    Info: Processing ended: Mon Nov 03 22:13:16 2025
    Info: Elapsed time: 00:00:01
    Info: Total CPU time (on all processors): 00:00:01


