Flow report for ram_expander
Tue Nov 11 00:13:42 2025
Quartus II 64-Bit Version 13.0.1 Build 232 06/12/2013 Service Pack 1 SJ Web Edition


---------------------
; Table of Contents ;
---------------------
  1. Legal Notice
  2. Flow Summary
  3. Flow Settings
  4. Flow Non-Default Global Settings
  5. Flow Elapsed Time
  6. Flow OS Summary
  7. Flow Log
  8. Flow Messages
  9. Flow Suppressed Messages



----------------
; Legal Notice ;
----------------
Copyright (C) 1991-2013 Altera Corporation
Your use of Altera Corporation's design tools, logic functions 
and other software and tools, and its AMPP partner logic 
functions, and any output files from any of the foregoing 
(including device programming or simulation files), and any 
associated documentation or information are expressly subject 
to the terms and conditions of the Altera Program License 
Subscription Agreement, Altera MegaCore Function License 
Agreement, or other applicable license agreement, including, 
without limitation, that your use is for the sole purpose of 
programming logic devices manufactured by Altera and sold by 
Altera or its authorized distributors.  Please refer to the 
applicable agreement for further details.



+-----------------------------------------------------------------------------+
; Flow Summary                                                                ;
+---------------------------+-------------------------------------------------+
; Flow Status               ; Successful - Tue Nov 11 00:13:42 2025           ;
; Quartus II 64-Bit Version ; 13.0.1 Build 232 06/12/2013 SP 1 SJ Web Edition ;
; Revision Name             ; ram_expander                                    ;
; Top-level Entity Name     ; ram_expander                                    ;
; Family                    ; MAX II                                          ;
; Device                    ; EPM240T100C5                                    ;
; Timing Models             ; Final                                           ;
; Total logic elements      ; 44 / 240 ( 18 % )                               ;
; Total pins                ; 48 / 80 ( 60 % )                                ;
; Total virtual pins        ; 0                                               ;
; UFM blocks                ; 0 / 1 ( 0 % )                                   ;
+---------------------------+-------------------------------------------------+


+-----------------------------------------+
; Flow Settings                           ;
+-------------------+---------------------+
; Option            ; Setting             ;
+-------------------+---------------------+
; Start date & time ; 11/11/2025 00:13:33 ;
; Main task         ; Compilation         ;
; Revision Name     ; ram_expander        ;
+-------------------+---------------------+


+-------------------------------------------------------------------------------------------------------------+
; Flow Non-Default Global Settings                                                                            ;
+-------------------------------+------------------------------+---------------+-------------+----------------+
; Assignment Name               ; Value                        ; Default Value ; Entity Name ; Section Id     ;
+-------------------------------+------------------------------+---------------+-------------+----------------+
; ALLOW_POWER_UP_DONT_CARE      ; Off                          ; On            ; --          ; --             ;
; COMPILER_SIGNATURE_ID         ; 345052807169.176281641316964 ; --            ; --          ; --             ;
; EDA_OUTPUT_DATA_FORMAT        ; Vhdl                         ; --            ; --          ; eda_simulation ;
; EDA_RUN_TOOL_AUTOMATICALLY    ; Off                          ; --            ; --          ; eda_simulation ;
; EDA_SIMULATION_TOOL           ; ModelSim-Altera (VHDL)       ; <None>        ; --          ; --             ;
; MAX_CORE_JUNCTION_TEMP        ; 85                           ; --            ; --          ; --             ;
; MIN_CORE_JUNCTION_TEMP        ; 0                            ; --            ; --          ; --             ;
; POWER_PRESET_COOLING_SOLUTION ; No Heat Sink With Still Air  ; --            ; --          ; --             ;
; PROJECT_OUTPUT_DIRECTORY      ; output_files                 ; --            ; --          ; --             ;
; SYNTH_TIMING_DRIVEN_SYNTHESIS ; Off                          ; --            ; --          ; --             ;
+-------------------------------+------------------------------+---------------+-------------+----------------+


+-------------------------------------------------------------------------------------------------------------------------------+
; Flow Elapsed Time                                                                                                             ;
+---------------------------+--------------+-------------------------+---------------------+------------------------------------+
; Module Name               ; Elapsed Time ; Average Processors Used ; Peak Virtual Memory ; Total CPU Time (on all processors) ;
+---------------------------+--------------+-------------------------+---------------------+------------------------------------+
; Analysis & Synthesis      ; 00:00:01     ; 1.0                     ; 4611 MB             ; 00:00:02                           ;
; Fitter                    ; 00:00:01     ; 1.0                     ; 4757 MB             ; 00:00:01                           ;
; Assembler                 ; 00:00:01     ; 1.0                     ; 4508 MB             ; 00:00:01                           ;
; TimeQuest Timing Analyzer ; 00:00:01     ; 1.0                     ; 4515 MB             ; 00:00:01                           ;
; EDA Netlist Writer        ; 00:00:01     ; 1.0                     ; 4487 MB             ; 00:00:01                           ;
; Total                     ; 00:00:05     ; --                      ; --                  ; 00:00:06                           ;
+---------------------------+--------------+-------------------------+---------------------+------------------------------------+


+----------------------------------------------------------------------------------------+
; Flow OS Summary                                                                        ;
+---------------------------+------------------+-----------+------------+----------------+
; Module Name               ; Machine Hostname ; OS Name   ; OS Version ; Processor type ;
+---------------------------+------------------+-----------+------------+----------------+
; Analysis & Synthesis      ; MainPC           ; Windows 7 ; 6.2        ; x86_64         ;
; Fitter                    ; MainPC           ; Windows 7 ; 6.2        ; x86_64         ;
; Assembler                 ; MainPC           ; Windows 7 ; 6.2        ; x86_64         ;
; TimeQuest Timing Analyzer ; MainPC           ; Windows 7 ; 6.2        ; x86_64         ;
; EDA Netlist Writer        ; MainPC           ; Windows 7 ; 6.2        ; x86_64         ;
+---------------------------+------------------+-----------+------------+----------------+


------------
; Flow Log ;
------------
quartus_map --read_settings_files=on --write_settings_files=off ram_expander -c ram_expander
quartus_fit --read_settings_files=off --write_settings_files=off ram_expander -c ram_expander
quartus_asm --read_settings_files=off --write_settings_files=off ram_expander -c ram_expander
quartus_sta ram_expander -c ram_expander
quartus_eda --read_settings_files=off --write_settings_files=off ram_expander -c ram_expander



